<?xml version="1.0" encoding="utf-8"?><testsuites><testsuite name="pytest" errors="0" failures="0" skipped="1" tests="273" time="1179.725" timestamp="2023-12-22T08:44:59.260922" hostname="2919923ce1bf"><testcase classname="display.poker.test_poker_cards.TestPlayingCards" name="test_evaluate_hand" time="36.950" /><testcase classname="display.tests.test_autocompletes.TestAutoCompleteAeroplane" name="test_fetch" time="0.068" /><testcase classname="display.tests.test_autocompletes.TestAutoCompleteAeroplane" name="test_search" time="0.036" /><testcase classname="display.tests.test_autocompletes.TestAutoCompleteAeroplane" name="test_search_not_logged_in" time="0.034" /><testcase classname="display.tests.test_autocompletes.TestAutoCompleteAeroplane" name="test_search_without_permission" time="0.033" /><testcase classname="display.tests.test_autocompletes.TestAutoCompleteClub" name="test_fetch" time="0.051" /><testcase classname="display.tests.test_autocompletes.TestAutoCompleteClub" name="test_search" time="0.033" /><testcase classname="display.tests.test_autocompletes.TestAutoCompleteClub" name="test_search_not_logged_in" time="0.033" /><testcase classname="display.tests.test_autocompletes.TestAutoCompleteClub" name="test_search_without_permission" time="0.033" /><testcase classname="display.tests.test_autocompletes.TestAutoCompletePersonFirstName" name="test_fetch" time="0.061" /><testcase classname="display.tests.test_autocompletes.TestAutoCompletePersonFirstName" name="test_search" time="0.045" /><testcase classname="display.tests.test_autocompletes.TestAutoCompletePersonFirstName" name="test_search_fail" time="0.044" /><testcase classname="display.tests.test_autocompletes.TestAutoCompletePersonFirstName" name="test_search_not_logged_in" time="0.040" /><testcase classname="display.tests.test_autocompletes.TestAutoCompletePersonFirstName" name="test_search_without_permission" time="0.042" /><testcase classname="display.tests.test_autocompletes.TestAutoCompletePersonLastname" name="test_fetch" time="0.059" /><testcase classname="display.tests.test_autocompletes.TestAutoCompletePersonLastname" name="test_search" time="0.043" /><testcase classname="display.tests.test_autocompletes.TestAutoCompletePersonLastname" name="test_search_fail" time="0.041" /><testcase classname="display.tests.test_autocompletes.TestAutoCompletePersonLastname" name="test_search_not_logged_in" time="0.040" /><testcase classname="display.tests.test_autocompletes.TestAutoCompletePersonLastname" name="test_search_without_permission" time="0.040" /><testcase classname="display.tests.test_autocompletes.TestAutoCompletePersonPhone" name="test_fetch" time="0.060" /><testcase classname="display.tests.test_autocompletes.TestAutoCompletePersonPhone" name="test_search" time="0.041" /><testcase classname="display.tests.test_autocompletes.TestAutoCompletePersonPhone" name="test_search_fail" time="0.041" /><testcase classname="display.tests.test_autocompletes.TestAutoCompletePersonPhone" name="test_search_not_logged_in" time="0.039" /><testcase classname="display.tests.test_autocompletes.TestAutoCompletePersonPhone" name="test_search_without_permission" time="0.044" /><testcase classname="display.tests.test_autocompletes.TestAutoCompletePersonEmail" name="test_fetch" time="0.060" /><testcase classname="display.tests.test_autocompletes.TestAutoCompletePersonEmail" name="test_search" time="0.044" /><testcase classname="display.tests.test_autocompletes.TestAutoCompletePersonEmail" name="test_search_fail" time="0.044" /><testcase classname="display.tests.test_autocompletes.TestAutoCompletePersonEmail" name="test_search_not_logged_in" time="0.043" /><testcase classname="display.tests.test_autocompletes.TestAutoCompletePersonEmail" name="test_search_without_permission" time="0.043" /><testcase classname="display.tests.test_autocompletes.TestAutoCompletePersonId" name="test_fetch" time="0.060" /><testcase classname="display.tests.test_autocompletes.TestAutoCompletePersonId" name="test_search" time="0.043" /><testcase classname="display.tests.test_autocompletes.TestAutoCompletePersonId" name="test_search_fail" time="0.044" /><testcase classname="display.tests.test_autocompletes.TestAutoCompletePersonId" name="test_search_not_logged_in" time="0.041" /><testcase classname="display.tests.test_autocompletes.TestAutoCompletePersonId" name="test_search_without_permission" time="0.045" /><testcase classname="display.tests.test_clone_object.TestCloneObject" name="test_clone_object_only_foreign_keys" time="0.077" /><testcase classname="display.tests.test_contestant_gates_calculation.TestContestantGatesCalculation" name="test_calculate_and_get_relative_gate_times" time="2.859" /><testcase classname="display.tests.test_contestant_gates_calculation.TestContestantGatesCalculation" name="test_gate_times" time="1.404" /><testcase classname="display.tests.test_contestant_gates_calculation.TestContestantGatesCalculationANRRounded" name="test_calculate_and_get_relative_gate_times" time="0.451" /><testcase classname="display.tests.test_self_management_api.TestContestantGatesCalculation" name="test_my_participation" time="3.730" /><testcase classname="display.tests.test_self_management_api.TestContestantGatesCalculation" name="test_self_management_signup" time="2.568" /><testcase classname="display.tests.test_self_management_api.TestContestantGatesCalculation" name="test_self_management_signup_another_team" time="1.860" /><testcase classname="display.tests.test_self_management_api.TestContestantGatesCalculation" name="test_self_management_signup_not_available" time="2.994" /><testcase classname="display.tests.test_self_management_api.TestContestantGatesCalculation" name="test_self_management_signup_not_signed_in" time="2.539" /><testcase classname="display.tests.test_self_management_api.TestContestantGatesCalculation" name="test_self_management_signup_without_permissions" time="4.419" /><testcase classname="display.tests.test_track_calculation.TestGPX" name="test_importing" time="0.461" /><testcase classname="display.tests.test_track_calculation.TestGPX" name="test_route_serialiseing" time="0.560" /><testcase classname="display.tests.test_track_calculation.TestGPX" name="test_waypoint_serialiseing" time="0.604" /><testcase classname="display.utilities.test_simple_clone.TestSimpleClone" name="test_existing_clone" time="0.096" /><testcase classname="display.utilities.test_simple_clone.TestSimpleClone" name="test_new_clone" time="0.065" /><testcase classname="tests.test_contest_permissions.TestCreateContest" name="test_create_contest_with_privileges" time="0.625" /><testcase classname="tests.test_contest_permissions.TestCreateContest" name="test_create_contest_without_login" time="0.034" /><testcase classname="tests.test_contest_permissions.TestCreateContest" name="test_create_contest_without_privileges" time="0.099" /><testcase classname="tests.test_contest_permissions.TestAccessContest" name="test_delete_contest_as_creator" time="0.981" /><testcase classname="tests.test_contest_permissions.TestAccessContest" name="test_delete_contest_as_someone_else" time="1.047" /><testcase classname="tests.test_contest_permissions.TestAccessContest" name="test_delete_contest_without_login" time="1.074" /><testcase classname="tests.test_contest_permissions.TestAccessContest" name="test_delete_contestant_from_other_user_with_permissions" time="1.060" /><testcase classname="tests.test_contest_permissions.TestAccessContest" name="test_delete_public_contest_without_login" time="1.109" /><testcase classname="tests.test_contest_permissions.TestAccessContest" name="test_get_objects_for_user" time="1.142" /><testcase classname="tests.test_contest_permissions.TestAccessContest" name="test_list_contests_as_owner" time="1.063" /><testcase classname="tests.test_contest_permissions.TestAccessContest" name="test_list_contests_as_someone_else" time="0.816" /><testcase classname="tests.test_contest_permissions.TestAccessContest" name="test_modify_contest_as_creator" time="1.201" /><testcase classname="tests.test_contest_permissions.TestAccessContest" name="test_modify_contest_as_someone_else" time="0.716" /><testcase classname="tests.test_contest_permissions.TestAccessContest" name="test_modify_contest_without_login" time="0.758" /><testcase classname="tests.test_contest_permissions.TestAccessContest" name="test_patch_contestant_from_other_user_with_permissions" time="1.445" /><testcase classname="tests.test_contest_permissions.TestAccessContest" name="test_put_contestant_from_other_user_with_permissions" time="1.719" /><testcase classname="tests.test_contest_permissions.TestAccessContest" name="test_remove_team_from_contest_as_creator" time="1.526" /><testcase classname="tests.test_contest_permissions.TestAccessContest" name="test_remove_team_from_contest_as_someone_else" time="0.929" /><testcase classname="tests.test_contest_permissions.TestAccessContest" name="test_remove_team_from_contest_without_login" time="0.712" /><testcase classname="tests.test_contest_permissions.TestAccessContest" name="test_view_contest_as_creator" time="1.146" /><testcase classname="tests.test_contest_permissions.TestAccessContest" name="test_view_contest_as_someone_else" time="0.774" /><testcase classname="tests.test_contest_permissions.TestAccessContest" name="test_view_contest_from_other_user_with_permissions" time="0.888" /><testcase classname="tests.test_contest_permissions.TestAccessContest" name="test_view_public_contest_as_creator" time="0.969" /><testcase classname="tests.test_contest_permissions.TestAccessContest" name="test_view_public_contest_as_someone_else" time="1.055" /><testcase classname="tests.test_contest_permissions.TestAccessContest" name="test_view_public_contest_without_login" time="0.825" /><testcase classname="tests.test_contest_permissions.TestTokenAuthentication" name="test_post_contest" time="0.400" /><testcase classname="tests.test_contestant_permissions.TestCreateNavigationTask" name="test_create_contestant_without_login" time="1.424" /><testcase classname="tests.test_contestant_permissions.TestCreateNavigationTask" name="test_create_navigation_task_with_privileges" time="1.766" /><testcase classname="tests.test_contestant_permissions.TestCreateNavigationTask" name="test_create_navigation_task_without_privileges" time="1.344" /><testcase classname="tests.test_contestant_permissions.TestAccessNavigationTask" name="test_delete_contestant_as_creator" time="1.396" /><testcase classname="tests.test_contestant_permissions.TestAccessNavigationTask" name="test_delete_contestant_as_someone_else" time="1.772" /><testcase classname="tests.test_contestant_permissions.TestAccessNavigationTask" name="test_delete_contestant_from_other_user_with_permissions" time="1.702" /><testcase classname="tests.test_contestant_permissions.TestAccessNavigationTask" name="test_delete_contestant_without_login" time="2.047" /><testcase classname="tests.test_contestant_permissions.TestAccessNavigationTask" name="test_delete_public_contestant_as_someone_else" time="1.174" /><testcase classname="tests.test_contestant_permissions.TestAccessNavigationTask" name="test_delete_public_contestant_without_login" time="1.330" /><testcase classname="tests.test_contestant_permissions.TestAccessNavigationTask" name="test_patch_contestant_as_creator" time="1.569" /><testcase classname="tests.test_contestant_permissions.TestAccessNavigationTask" name="test_patch_contestant_as_someone_else" time="1.089" /><testcase classname="tests.test_contestant_permissions.TestAccessNavigationTask" name="test_patch_contestant_from_other_user_with_permissions" time="1.353" /><testcase classname="tests.test_contestant_permissions.TestAccessNavigationTask" name="test_patch_contestant_without_login" time="1.055" /><testcase classname="tests.test_contestant_permissions.TestAccessNavigationTask" name="test_post_gpx_track" time="1.227" /><testcase classname="tests.test_contestant_permissions.TestAccessNavigationTask" name="test_put_contestant_as_creator" time="1.509" /><testcase classname="tests.test_contestant_permissions.TestAccessNavigationTask" name="test_put_contestant_from_other_user_with_permissions" time="1.435" /><testcase classname="tests.test_contestant_permissions.TestAccessNavigationTask" name="test_put_contestant_without_login" time="1.134" /><testcase classname="tests.test_contestant_permissions.TestAccessNavigationTask" name="test_put_ncontestant_as_someone_else" time="1.112" /><testcase classname="tests.test_contestant_permissions.TestAccessNavigationTask" name="test_view_contestant_as_creator" time="1.181" /><testcase classname="tests.test_contestant_permissions.TestAccessNavigationTask" name="test_view_contestant_as_someone_else" time="1.430" /><testcase classname="tests.test_contestant_permissions.TestAccessNavigationTask" name="test_view_contestant_from_other_user_with_permissions" time="1.300" /><testcase classname="tests.test_contestant_permissions.TestAccessNavigationTask" name="test_view_contestant_without_login" time="1.114" /><testcase classname="tests.test_contestant_permissions.TestAccessNavigationTask" name="test_view_hidden_contest_public_navigation_task_contestant_without_login" time="1.099" /><testcase classname="tests.test_contestant_permissions.TestAccessNavigationTask" name="test_view_hidden_contest_public_navigation_task_contestant_without_privileges" time="1.228" /><testcase classname="tests.test_contestant_permissions.TestAccessNavigationTask" name="test_view_public_contest_hidden_navigation_task_contestant_without_login" time="1.109" /><testcase classname="tests.test_contestant_permissions.TestAccessNavigationTask" name="test_view_public_contest_hidden_navigation_task_contestant_without_privileges" time="1.257" /><testcase classname="tests.test_contestant_permissions.TestAccessNavigationTask" name="test_view_public_contestant_as_someone_else" time="1.160" /><testcase classname="tests.test_contestant_permissions.TestAccessNavigationTask" name="test_view_public_contestant_without_login" time="1.222" /><testcase classname="tests.test_contestant_permissions.TestAccessNavigationTask" name="test_view_publiccontestant_as_creator" time="1.120" /><testcase classname="tests.test_contestteam_management.TestContestTeamApi" name="test_delete_team_with_privileges" time="0.444" /><testcase classname="tests.test_contestteam_management.TestContestTeamApi" name="test_fetch_contestteam_list_as_user_with_privileges" time="0.380" /><testcase classname="tests.test_contestteam_management.TestContestTeamApi" name="test_fetch_contestteam_list_as_user_without_privileges" time="0.501" /><testcase classname="tests.test_contestteam_management.TestContestTeamApi" name="test_fetch_contestteam_list_without_login" time="0.505" /><testcase classname="tests.test_contestteam_management.TestContestTeamApi" name="test_get_specific_team_with_privileges" time="0.593" /><testcase classname="tests.test_contestteam_management.TestContestTeamApi" name="test_patch_team_with_privileges" time="0.625" /><testcase classname="tests.test_contestteam_management.TestContestTeamApi" name="test_post_contestteam_with_privileges" time="0.443" /><testcase classname="tests.test_contestteam_management.TestContestTeamApi" name="test_post_team_without_privileges" time="0.402" /><testcase classname="tests.test_contestteam_management.TestContestTeamApi" name="test_put_team_with_privileges" time="0.585" /><testcase classname="tests.test_navigation_task_permissions.TestCreateNavigationTask" name="test_create_navigation_task_with_privileges" time="0.622" /><testcase classname="tests.test_navigation_task_permissions.TestCreateNavigationTask" name="test_create_navigation_task_without_login" time="0.345" /><testcase classname="tests.test_navigation_task_permissions.TestCreateNavigationTask" name="test_create_navigation_task_without_privileges" time="0.494" /><testcase classname="tests.test_navigation_task_permissions.TestAccessNavigationTask" name="test_anonymous_cannot_view_scorecard" time="0.782" /><testcase classname="tests.test_navigation_task_permissions.TestAccessNavigationTask" name="test_delete_navigation_task_as_creator" time="0.689" /><testcase classname="tests.test_navigation_task_permissions.TestAccessNavigationTask" name="test_delete_navigation_task_as_someone_else" time="0.670" /><testcase classname="tests.test_navigation_task_permissions.TestAccessNavigationTask" name="test_delete_navigation_task_from_other_user_with_permissions" time="0.781" /><testcase classname="tests.test_navigation_task_permissions.TestAccessNavigationTask" name="test_delete_navigation_task_without_login" time="0.795" /><testcase classname="tests.test_navigation_task_permissions.TestAccessNavigationTask" name="test_delete_public_navigation_task_as_someone_else" time="0.762" /><testcase classname="tests.test_navigation_task_permissions.TestAccessNavigationTask" name="test_delete_public_navigation_task_without_login" time="0.673" /><testcase classname="tests.test_navigation_task_permissions.TestAccessNavigationTask" name="test_delete_self_registration" time="0.955" /><testcase classname="tests.test_navigation_task_permissions.TestAccessNavigationTask" name="test_modify_scorecard_as_owner" time="0.714" /><testcase classname="tests.test_navigation_task_permissions.TestAccessNavigationTask" name="test_patch_navigation_task_as_creator" time="0.654" /><testcase classname="tests.test_navigation_task_permissions.TestAccessNavigationTask" name="test_patch_navigation_task_as_someone_else" time="0.651" /><testcase classname="tests.test_navigation_task_permissions.TestAccessNavigationTask" name="test_patch_navigation_task_without_login" time="0.591" /><testcase classname="tests.test_navigation_task_permissions.TestAccessNavigationTask" name="test_put_navigation_task_as_creator" time="0.634" /><testcase classname="tests.test_navigation_task_permissions.TestAccessNavigationTask" name="test_put_navigation_task_as_someone_else" time="0.751" /><testcase classname="tests.test_navigation_task_permissions.TestAccessNavigationTask" name="test_put_navigation_task_from_other_user_with_permissions" time="0.847" /><testcase classname="tests.test_navigation_task_permissions.TestAccessNavigationTask" name="test_put_navigation_task_without_login" time="0.701" /><testcase classname="tests.test_navigation_task_permissions.TestAccessNavigationTask" name="test_share_contest" time="0.884" /><testcase classname="tests.test_navigation_task_permissions.TestAccessNavigationTask" name="test_share_navigation_task" time="0.842" /><testcase classname="tests.test_navigation_task_permissions.TestAccessNavigationTask" name="test_view_hidden_contest_public_navigation_task_navigation_task_without_login" time="0.707" /><testcase classname="tests.test_navigation_task_permissions.TestAccessNavigationTask" name="test_view_navigation_task_as_creator" time="0.676" /><testcase classname="tests.test_navigation_task_permissions.TestAccessNavigationTask" name="test_view_navigation_task_as_someone_else" time="0.676" /><testcase classname="tests.test_navigation_task_permissions.TestAccessNavigationTask" name="test_view_navigation_task_from_other_user_with_permissions" time="0.656" /><testcase classname="tests.test_navigation_task_permissions.TestAccessNavigationTask" name="test_view_navigation_task_without_login" time="0.738" /><testcase classname="tests.test_navigation_task_permissions.TestAccessNavigationTask" name="test_view_public_contest_hidden_navigation_task_navigation_task_without_login" time="0.738" /><testcase classname="tests.test_navigation_task_permissions.TestAccessNavigationTask" name="test_view_public_navigation_task_as_creator" time="0.656" /><testcase classname="tests.test_navigation_task_permissions.TestAccessNavigationTask" name="test_view_public_navigation_task_as_someone_else" time="0.651" /><testcase classname="tests.test_navigation_task_permissions.TestAccessNavigationTask" name="test_view_public_navigation_task_without_login" time="0.654" /><testcase classname="tests.test_team_management.TestTeamApi" name="test_delete_team_with_privileges" time="0.344" /><testcase classname="tests.test_team_management.TestTeamApi" name="test_fetch_team_list_as_user_with_privileges" time="0.517" /><testcase classname="tests.test_team_management.TestTeamApi" name="test_fetch_team_list_as_user_without_privileges" time="0.473" /><testcase classname="tests.test_team_management.TestTeamApi" name="test_fetch_team_list_without_login" time="0.490" /><testcase classname="tests.test_team_management.TestTeamApi" name="test_get_specific_team_with_privileges" time="0.537" /><testcase classname="tests.test_team_management.TestTeamApi" name="test_patch_team_with_privileges" time="0.556" /><testcase classname="tests.test_team_management.TestTeamApi" name="test_post_existing_team" time="0.678" /><testcase classname="tests.test_team_management.TestTeamApi" name="test_post_team_with_privileges" time="0.475" /><testcase classname="tests.test_team_management.TestTeamApi" name="test_post_team_without_privileges" time="0.419" /><testcase classname="tests.test_team_management.TestTeamApi" name="test_put_team_with_privileges" time="0.529" /><testcase classname="display.calculators.tests.test_anr_corridor_calculator.TestANRPerLeg" name="test_anr_miss_multiple_finish" time="8.205" /><testcase classname="display.calculators.tests.test_anr_corridor_calculator.TestANRPerLeg" name="test_anr_miss_start_and_finish" time="6.740" /><testcase classname="display.calculators.tests.test_anr_corridor_calculator.TestANRPerLeg" name="test_anr_score_per_leg" time="4.829" /><testcase classname="display.calculators.tests.test_anr_corridor_calculator.TestANRPerLeg" name="test_manually_terminate_calculator" time="3.030" /><testcase classname="display.calculators.tests.test_anr_corridor_calculator.TestANR" name="test_track" time="37.919" /><testcase classname="display.calculators.tests.test_anr_corridor_calculator.TestANR" name="test_track_adaptive_start" time="39.273" /><testcase classname="display.calculators.tests.test_anr_corridor_calculator.TestAnrCorridorCalculator" name="test_inside_20_seconds_enroute" time="1.198" /><testcase classname="display.calculators.tests.test_anr_corridor_calculator.TestAnrCorridorCalculator" name="test_outside_20_seconds_enroute" time="1.019" /><testcase classname="display.calculators.tests.test_anr_corridor_calculator.TestAnrCorridorCalculator" name="test_outside_20_seconds_outside_route" time="1.142" /><testcase classname="display.calculators.tests.test_anr_corridor_calculator.TestAnrCorridorCalculator" name="test_outside_20_seconds_until_finish" time="1.117" /><testcase classname="display.calculators.tests.test_anr_corridor_calculator.TestAnrCorridorCalculator" name="test_outside_2_seconds_enroute" time="1.228" /><testcase classname="display.calculators.tests.test_anr_corridor_calculator.TestANRPolygon" name="test_track" time="37.136" /><testcase classname="display.calculators.tests.test_anr_corridor_calculator.TestANRBergenBacktracking" name="test_track" time="11.248" /><testcase classname="display.calculators.tests.test_anr_corridor_calculator.TestANRBergenBacktrackingTommy" name="test_track" time="12.581" /><testcase classname="display.calculators.tests.test_anr_corridor_calculator.TestOscarDoubleCorridorPenalty" name="test_track" time="0.003"><skipped type="pytest.skip" message="Unstable">/src/display/calculators/tests/test_anr_corridor_calculator.py:840: Unstable</skipped></testcase><testcase classname="display.calculators.tests.test_gatekeeper.TestInterpolation" name="test_interpolation" time="2.794" /><testcase classname="display.calculators.tests.test_gatekeeper.TestInterpolation" name="test_no_interpolation" time="2.166" /><testcase classname="display.calculators.tests.test_gatekeeper.TestCrossingEstimate" name="test_next_is_not_timed" time="2.308" /><testcase classname="display.calculators.tests.test_gatekeeper.TestCrossingEstimate" name="test_next_is_timed" time="2.258" /><testcase classname="display.calculators.tests.test_penalty_zone_calculator.TestPenaltyZoneCalculator" name="test_in_and_out_beyond_grace_time_enroute" time="0.405" /><testcase classname="display.calculators.tests.test_penalty_zone_calculator.TestPenaltyZoneCalculator" name="test_in_and_out_within_grace_time_enroute" time="0.397" /><testcase classname="display.calculators.tests.test_penalty_zone_calculator.TestPenaltyZoneCalculator" name="test_inside_enroute" time="0.401" /><testcase classname="display.calculators.tests.test_penalty_zone_calculator.TestPenaltyZoneCalculator" name="test_inside_outside_route" time="0.729" /><testcase classname="display.calculators.tests.test_penalty_zone_calculator.TestPenaltyZoneCalculator" name="test_outside_enroute" time="0.401" /><testcase classname="display.calculators.tests.test_penalty_zone_calculator.TestPenaltyZoneCalculator" name="test_outside_outside_route" time="0.403" /><testcase classname="display.calculators.tests.test_precision_calculator.TestFullTrack" name="test_correct_scoring_bad_track_precision" time="71.984" /><testcase classname="display.calculators.tests.test_precision_calculator.TestFullTrack" name="test_correct_scoring_correct_track_precision" time="78.182" /><testcase classname="display.calculators.tests.test_precision_calculator.TestFullTrack" name="test_helge_track_precision" time="72.870" /><testcase classname="display.calculators.tests.test_precision_calculator.TestFullTrack" name="test_missed_procedure_turn" time="78.578" /><testcase classname="display.calculators.tests.test_precision_calculator.TestFullTrack" name="test_secret_score_no_override" time="0.843" /><testcase classname="display.calculators.tests.test_precision_calculator.TestFullTrack" name="test_team_test_score_updated" time="1.239" /><testcase classname="display.calculators.tests.test_precision_calculator.Test2017WPFC" name="test_101" time="90.793" /><testcase classname="display.calculators.tests.test_precision_calculator.TestNM2019" name="test_arild" time="64.912" /><testcase classname="display.calculators.tests.test_precision_calculator.TestNM2019" name="test_fredrik" time="42.254" /><testcase classname="display.calculators.tests.test_precision_calculator.TestHamar23March2021" name="test_kolaf" time="77.530" /><testcase classname="display.calculators.tests.test_precision_calculator.TestHamar23March2021" name="test_kolaf_trackar" time="74.399" /><testcase classname="display.calculators.tests.test_precision_calculator.TestHamar23March2021" name="test_lt03" time="68.868" /><testcase classname="display.calculators.tests.test_precision_calculator.TestHamar23March2021" name="test_vjoycar" time="31.684" /><testcase classname="display.calculators.tests.test_prohibited_zone_calculator.TestProhibitedZoneCalculator" name="test_inside_enroute_after_grace_time" time="0.411" /><testcase classname="display.calculators.tests.test_prohibited_zone_calculator.TestProhibitedZoneCalculator" name="test_inside_enroute_before_grace_time" time="0.392" /><testcase classname="display.calculators.tests.test_prohibited_zone_calculator.TestProhibitedZoneCalculator" name="test_outside_enroute" time="0.388" /><testcase classname="display.calculators.tests.test_prohibited_zone_calculator.TestProhibitedZoneCalculator" name="test_outside_outside_route" time="0.447" /><testcase classname="display.tests.test_contestant_validation.TestContestantValidation" name="test_calculator_started_modified_takeoff_time" time="0.973" /><testcase classname="display.tests.test_contestant_validation.TestContestantValidation" name="test_calculator_started_nothing_modified" time="0.917" /><testcase classname="display.tests.test_contestant_validation.TestContestantValidation" name="test_finish_before_takeoff" time="0.760" /><testcase classname="display.tests.test_contestant_validation.TestContestantValidation" name="test_no_overlap" time="0.812" /><testcase classname="display.tests.test_contestant_validation.TestContestantValidation" name="test_overlapping_contestant_after" time="0.758" /><testcase classname="display.tests.test_contestant_validation.TestContestantValidation" name="test_overlapping_contestant_before" time="0.714" /><testcase classname="display.tests.test_contestant_validation.TestContestantValidation" name="test_overlapping_contestant_inside" time="0.711" /><testcase classname="display.tests.test_contestant_validation.TestContestantValidation" name="test_overlapping_contestant_outside" time="0.771" /><testcase classname="display.tests.test_contestant_validation.TestContestantValidation" name="test_take_off_before_tracking" time="1.077" /><testcase classname="display.tests.test_contestant_validation.TestGetContestantForDevice" name="test_create_copilot_contest_team_without_copilot" time="1.319" /><testcase classname="display.tests.test_contestant_validation.TestGetContestantForDevice" name="test_create_device_contest_team_without_tracking_id" time="1.245" /><testcase classname="display.tests.test_contestant_validation.TestGetContestantForDevice" name="test_get_copilot_no_pilot_device" time="1.139" /><testcase classname="display.tests.test_contestant_validation.TestGetContestantForDevice" name="test_get_copilot_no_tracking_device" time="1.282" /><testcase classname="display.tests.test_contestant_validation.TestGetContestantForDevice" name="test_get_no_copilot_device" time="1.471" /><testcase classname="display.tests.test_contestant_validation.TestGetContestantForDevice" name="test_get_no_pilot_device" time="1.367" /><testcase classname="display.tests.test_contestant_validation.TestGetContestantForDevice" name="test_get_pilot_no_copilot_device" time="1.003" /><testcase classname="display.tests.test_contestant_validation.TestGetContestantForDevice" name="test_get_pilot_no_tracking_device" time="1.188" /><testcase classname="display.tests.test_contestant_validation.TestGetContestantForDevice" name="test_get_tracking_copilot" time="1.034" /><testcase classname="display.tests.test_contestant_validation.TestGetContestantForDevice" name="test_get_tracking_device" time="1.376" /><testcase classname="display.tests.test_contestant_validation.TestGetContestantForDevice" name="test_get_tracking_pilot" time="1.027" /><testcase classname="display.tests.test_navigation_task_data.TestImportSerialiser" name="test_import_serialiser" time="1.876" /><testcase classname="display.tests.test_navigation_task_data.TestImportFCNavigationTaskTeamId" name="testPost" time="2.264" /><testcase classname="display.tests.test_navigation_task_data.TestImportFCNavigationTask" name="test_doc_example" time="2.728" /><testcase classname="display.tests.test_navigation_task_data.TestImportFCNavigationTask" name="test_import" time="2.590" /><testcase classname="display.tests.test_navigation_task_data.TestImportFCNavigationTask" name="test_import_preexisting_email" time="1.941" /><testcase classname="display.tests.test_navigation_task_data.TestImportFCNavigationTask" name="test_multiple_import" time="3.169" /><testcase classname="display.tests.test_navigation_task_data.TestImportFCNavigationTask" name="test_post_input_with_partial_gate_times" time="1.724" /><testcase classname="display.tests.test_navigation_task_data.TestImportFCNavigationTask" name="test_post_input_with_the_gate_times" time="1.652" /><testcase classname="display.tests.test_navigation_task_data.TestImportFCNavigationTask" name="test_preexisting_team" time="1.846" /><testcase classname="display.tests.test_navigation_task_data.TestNavigationTaskCreationFlow" name="test_get_scorecards" time="1.274" /><testcase classname="display.tests.test_navigation_task_data.TestNavigationTaskCreationFlow" name="test_post_editable_route" time="2.075" /><testcase classname="display.tests.test_navigation_task_data.TestNavigationTaskCreationFlow" name="test_post_navigation_task" time="1.228" /><testcase classname="display.tests.test_navigation_task_data.TestNavigationTaskCreationFlow" name="test_post_navigation_task_missing_corridor_width" time="0.955" /><testcase classname="display.calculators.tests.test_calculator_utilities.TestProjectPosition" name="test_project_almost_straight" time="0.002" /><testcase classname="display.calculators.tests.test_calculator_utilities.TestProjectPosition" name="test_project_circle" time="0.001" /><testcase classname="display.calculators.tests.test_calculator_utilities.TestProjectPosition" name="test_project_half_circle_half_rate" time="0.001" /><testcase classname="display.calculators.tests.test_calculator_utilities.TestProjectPosition" name="test_project_half_circle_half_time" time="0.001" /><testcase classname="display.calculators.tests.test_calculator_utilities.TestProjectPosition" name="test_project_straight" time="0.002" /><testcase classname="display.calculators.tests.test_calculator_utilities.TestPolygonHelper" name="test_time_to_intersection" time="0.007" /><testcase classname="display.tests.test_contestant_scheduler.TestContestantScheduler" name="test_minimum_finish_interval" time="0.015" /><testcase classname="display.tests.test_contestant_scheduler.TestContestantScheduler" name="test_overlapping_aircraft" time="0.010" /><testcase classname="display.tests.test_contestant_scheduler.TestContestantScheduler" name="test_overlapping_crew" time="0.009" /><testcase classname="display.tests.test_contestant_scheduler.TestContestantScheduler" name="test_overlapping_tracker" time="0.010" /><testcase classname="display.tests.test_contestant_scheduler.TestContestantScheduler" name="test_overtaking" time="0.012" /><testcase classname="display.tests.test_coordinate_utilities.TestCoordinateUtilities" name="test_calculate_bearing_0" time="0.002" /><testcase classname="display.tests.test_coordinate_utilities.TestCoordinateUtilities" name="test_calculate_bearing_1" time="0.001" /><testcase classname="display.tests.test_coordinate_utilities.TestCoordinateUtilities" name="test_calculate_bearing_2" time="0.001" /><testcase classname="display.tests.test_coordinate_utilities.TestCoordinateUtilities" name="test_calculate_bearing_3" time="0.002" /><testcase classname="display.tests.test_coordinate_utilities.TestCoordinateUtilities" name="test_create_bisecting_line_between_segments_0" time="0.031" /><testcase classname="display.tests.test_coordinate_utilities.TestCoordinateUtilities" name="test_create_bisecting_line_between_segments_1" time="0.027" /><testcase classname="display.tests.test_coordinate_utilities.TestCoordinateUtilities" name="test_create_bisecting_line_between_segments_2" time="0.003" /><testcase classname="display.tests.test_coordinate_utilities.TestCoordinateUtilities" name="test_create_bisecting_line_between_segments_corridor_width_0" time="0.002" /><testcase classname="display.tests.test_coordinate_utilities.TestCoordinateUtilities" name="test_create_bisecting_line_between_segments_corridor_width_1" time="0.002" /><testcase classname="display.tests.test_coordinate_utilities.TestCoordinateUtilities" name="test_create_bisecting_line_between_segments_corridor_width_2" time="0.002" /><testcase classname="display.tests.test_coordinate_utilities.TestCoordinateUtilities" name="test_create_bisecting_line_between_segments_corridor_width_correct_length" time="0.003" /><testcase classname="display.tests.test_coordinate_utilities.TestCoordinateUtilities" name="test_create_bisecting_line_between_segments_corridor_width_xy_0" time="0.002" /><testcase classname="display.tests.test_coordinate_utilities.TestCoordinateUtilities" name="test_create_bisecting_line_between_segments_corridor_width_xy_1" time="0.002" /><testcase classname="display.tests.test_coordinate_utilities.TestCoordinateUtilities" name="test_distance_0" time="0.002" /><testcase classname="display.tests.test_coordinate_utilities.TestCoordinateUtilities" name="test_equirectangular_distance_0" time="0.002" /><testcase classname="display.tests.test_coordinate_utilities.TestCoordinateUtilities" name="test_extend_line_0" time="0.002" /><testcase classname="display.tests.test_coordinate_utilities.TestCoordinateUtilities" name="test_fraction_of_leg_0" time="0.002" /><testcase classname="display.tests.test_coordinate_utilities.TestCoordinateUtilities" name="test_fraction_of_leg_1" time="0.002" /><testcase classname="display.tests.test_coordinate_utilities.TestCoordinateUtilities" name="test_heading_difference_0" time="0.001" /><testcase classname="display.tests.test_coordinate_utilities.TestCoordinateUtilities" name="test_heading_difference_1" time="0.001" /><testcase classname="display.tests.test_coordinate_utilities.TestCoordinateUtilities" name="test_heading_difference_2" time="0.001" /><testcase classname="display.tests.test_coordinate_utilities.TestCoordinateUtilities" name="test_heading_difference_3" time="0.002" /><testcase classname="display.tests.test_coordinate_utilities.TestCoordinateUtilities" name="test_pyproj_line_intersect" time="0.022" /><testcase classname="display.tests.test_coordinate_utilities.TestProcedureTurnPoints" name="test_simple" time="0.003" /><testcase classname="display.tests.test_wind_utilities.TestWindUtilities" name="test_calculate_ground_speed_combined_0" time="0.002" /><testcase classname="display.tests.test_wind_utilities.TestWindUtilities" name="test_calculate_ground_speed_combined_1" time="0.002" /><testcase classname="display.tests.test_wind_utilities.TestWindUtilities" name="test_calculate_wind_correction_angle_0" time="0.002" /><testcase classname="display.tests.test_wind_utilities.TestWindUtilities" name="test_calculate_wind_correction_angle_1" time="0.002" /><testcase classname="one_shot_scripts.test_timed_queue.TestTimedQueue" name="test_close_terminates" time="8.003" /><testcase classname="one_shot_scripts.test_timed_queue.TestTimedQueue" name="test_message_in_the_past" time="0.002" /><testcase classname="one_shot_scripts.test_timed_queue.TestTimedQueue" name="test_simple_delay" time="8.002" /><testcase classname="one_shot_scripts.test_timed_queue.TestTimedQueue" name="test_time_out_with_data" time="8.003" /><testcase classname="one_shot_scripts.test_timed_queue.TestTimedQueue" name="test_time_out_without_data" time="3.002" /><testcase classname="one_shot_scripts.test_timed_queue.TestTimedQueue" name="test_wait_empty" time="7.043" /></testsuite></testsuites>